Downloading human repertoires into packages/ncbi-igblast-1.17.1/imgt
|- VDJ regions
|---- Ig
|---- TCR
|- Spliced leader regions
|---- Ig
|---- TCR
|- Spliced constant regions
|---- Ig
|---- TCR

Downloading mouse repertoires into packages/ncbi-igblast-1.17.1/imgt
|- VDJ regions
|---- Ig
|---- TCR
|- Spliced leader regions
|---- Ig
|---- TCR
|- Spliced constant regions
|---- Ig
|---- TCR

Downloading rat repertoires into packages/ncbi-igblast-1.17.1/imgt
|- VDJ regions
|---- Ig
|---- TCR
|- Spliced leader regions
|---- Ig
|---- TCR
|- Spliced constant regions
|---- Ig
|---- TCR

Downloading rabbit repertoires into packages/ncbi-igblast-1.17.1/imgt
|- VDJ regions
|---- Ig
|---- TCR
|- Spliced leader regions
|---- Ig
|---- TCR
|- Spliced constant regions
|---- Ig
|---- TCR

Downloading rhesus_monkey repertoires into packages/ncbi-igblast-1.17.1/imgt
|- VDJ regions
|---- Ig
|---- TCR
|- Spliced leader regions
|---- Ig
|---- TCR
|- Spliced constant regions
|---- Ig
|---- TCR



Building a new DB, current time: 10/28/2021 09:25:57
New DB name:   /home/dralph/work/partis/packages/ncbi-igblast-1.17.1/igbl-db/database/imgt_human_ig_d
New DB title:  /home/dralph/work/partis/packages/ncbi-igblast-1.17.1/igbl-db/fasta/imgt_human_ig_d.fasta
Sequence type: Nucleotide
Keep MBits: T
Maximum file size: 1000000000B


Building a new DB, current time: 10/28/2021 09:25:57
New DB name:   /home/dralph/work/partis/packages/ncbi-igblast-1.17.1/igbl-db/database/imgt_human_ig_j
New DB title:  /home/dralph/work/partis/packages/ncbi-igblast-1.17.1/igbl-db/fasta/imgt_human_ig_j.fasta
Sequence type: Nucleotide
Keep MBits: T
Maximum file size: 1000000000B


Building a new DB, current time: 10/28/2021 09:25:57
New DB name:   /home/dralph/work/partis/packages/ncbi-igblast-1.17.1/igbl-db/database/imgt_human_ig_v
New DB title:  /home/dralph/work/partis/packages/ncbi-igblast-1.17.1/igbl-db/fasta/imgt_human_ig_v.fasta
Sequence type: Nucleotide
Keep MBits: T
Maximum file size: 1000000000B


Building a new DB, current time: 10/28/2021 09:25:57
New DB name:   /home/dralph/work/partis/packages/ncbi-igblast-1.17.1/igbl-db/database/imgt_human_tr_d
New DB title:  /home/dralph/work/partis/packages/ncbi-igblast-1.17.1/igbl-db/fasta/imgt_human_tr_d.fasta
Sequence type: Nucleotide
Keep MBits: T
Maximum file size: 1000000000B


Building a new DB, current time: 10/28/2021 09:25:57
New DB name:   /home/dralph/work/partis/packages/ncbi-igblast-1.17.1/igbl-db/database/imgt_human_tr_j
New DB title:  /home/dralph/work/partis/packages/ncbi-igblast-1.17.1/igbl-db/fasta/imgt_human_tr_j.fasta
Sequence type: Nucleotide
Keep MBits: T
Maximum file size: 1000000000B


Building a new DB, current time: 10/28/2021 09:25:57
New DB name:   /home/dralph/work/partis/packages/ncbi-igblast-1.17.1/igbl-db/database/imgt_human_tr_v
New DB title:  /home/dralph/work/partis/packages/ncbi-igblast-1.17.1/igbl-db/fasta/imgt_human_tr_v.fasta
Sequence type: Nucleotide
Keep MBits: T
Maximum file size: 1000000000B


Building a new DB, current time: 10/28/2021 09:25:57
New DB name:   /home/dralph/work/partis/packages/ncbi-igblast-1.17.1/igbl-db/database/imgt_mouse_ig_d
New DB title:  /home/dralph/work/partis/packages/ncbi-igblast-1.17.1/igbl-db/fasta/imgt_mouse_ig_d.fasta
Sequence type: Nucleotide
Keep MBits: T
Maximum file size: 1000000000B


Building a new DB, current time: 10/28/2021 09:25:57
New DB name:   /home/dralph/work/partis/packages/ncbi-igblast-1.17.1/igbl-db/database/imgt_mouse_ig_j
New DB title:  /home/dralph/work/partis/packages/ncbi-igblast-1.17.1/igbl-db/fasta/imgt_mouse_ig_j.fasta
Sequence type: Nucleotide
Keep MBits: T
Maximum file size: 1000000000B


Building a new DB, current time: 10/28/2021 09:25:57
New DB name:   /home/dralph/work/partis/packages/ncbi-igblast-1.17.1/igbl-db/database/imgt_mouse_ig_v
New DB title:  /home/dralph/work/partis/packages/ncbi-igblast-1.17.1/igbl-db/fasta/imgt_mouse_ig_v.fasta
Sequence type: Nucleotide
Keep MBits: T
Maximum file size: 1000000000B


Building a new DB, current time: 10/28/2021 09:25:57
New DB name:   /home/dralph/work/partis/packages/ncbi-igblast-1.17.1/igbl-db/database/imgt_mouse_tr_d
New DB title:  /home/dralph/work/partis/packages/ncbi-igblast-1.17.1/igbl-db/fasta/imgt_mouse_tr_d.fasta
Sequence type: Nucleotide
Keep MBits: T
Maximum file size: 1000000000B


Building a new DB, current time: 10/28/2021 09:25:57
New DB name:   /home/dralph/work/partis/packages/ncbi-igblast-1.17.1/igbl-db/database/imgt_mouse_tr_j
New DB title:  /home/dralph/work/partis/packages/ncbi-igblast-1.17.1/igbl-db/fasta/imgt_mouse_tr_j.fasta
Sequence type: Nucleotide
Keep MBits: T
Maximum file size: 1000000000B


Building a new DB, current time: 10/28/2021 09:25:57
New DB name:   /home/dralph/work/partis/packages/ncbi-igblast-1.17.1/igbl-db/database/imgt_mouse_tr_v
New DB title:  /home/dralph/work/partis/packages/ncbi-igblast-1.17.1/igbl-db/fasta/imgt_mouse_tr_v.fasta
Sequence type: Nucleotide
Keep MBits: T
Maximum file size: 1000000000B


Building a new DB, current time: 10/28/2021 09:25:57
New DB name:   /home/dralph/work/partis/packages/ncbi-igblast-1.17.1/igbl-db/database/imgt_rhesus_monkey_ig_d
New DB title:  /home/dralph/work/partis/packages/ncbi-igblast-1.17.1/igbl-db/fasta/imgt_rhesus_monkey_ig_d.fasta
Sequence type: Nucleotide
Keep MBits: T
Maximum file size: 1000000000B


Building a new DB, current time: 10/28/2021 09:25:57
New DB name:   /home/dralph/work/partis/packages/ncbi-igblast-1.17.1/igbl-db/database/imgt_rhesus_monkey_ig_j
New DB title:  /home/dralph/work/partis/packages/ncbi-igblast-1.17.1/igbl-db/fasta/imgt_rhesus_monkey_ig_j.fasta
Sequence type: Nucleotide
Keep MBits: T
Maximum file size: 1000000000B


Building a new DB, current time: 10/28/2021 09:25:57
New DB name:   /home/dralph/work/partis/packages/ncbi-igblast-1.17.1/igbl-db/database/imgt_rhesus_monkey_ig_v
New DB title:  /home/dralph/work/partis/packages/ncbi-igblast-1.17.1/igbl-db/fasta/imgt_rhesus_monkey_ig_v.fasta
Sequence type: Nucleotide
Keep MBits: T
Maximum file size: 1000000000B


Building a new DB, current time: 10/28/2021 09:25:57
New DB name:   /home/dralph/work/partis/packages/ncbi-igblast-1.17.1/igbl-db/database/imgt_rhesus_monkey_tr_d
New DB title:  /home/dralph/work/partis/packages/ncbi-igblast-1.17.1/igbl-db/fasta/imgt_rhesus_monkey_tr_d.fasta
Sequence type: Nucleotide
Keep MBits: T
Maximum file size: 1000000000B


Building a new DB, current time: 10/28/2021 09:25:57
New DB name:   /home/dralph/work/partis/packages/ncbi-igblast-1.17.1/igbl-db/database/imgt_rhesus_monkey_tr_j
New DB title:  /home/dralph/work/partis/packages/ncbi-igblast-1.17.1/igbl-db/fasta/imgt_rhesus_monkey_tr_j.fasta
Sequence type: Nucleotide
Keep MBits: T
Maximum file size: 1000000000B


Building a new DB, current time: 10/28/2021 09:25:57
New DB name:   /home/dralph/work/partis/packages/ncbi-igblast-1.17.1/igbl-db/database/imgt_rhesus_monkey_tr_v
New DB title:  /home/dralph/work/partis/packages/ncbi-igblast-1.17.1/igbl-db/fasta/imgt_rhesus_monkey_tr_v.fasta
Sequence type: Nucleotide
Keep MBits: T
Maximum file size: 1000000000B


Building a new DB, current time: 10/28/2021 09:25:57
New DB name:   /home/dralph/work/partis/packages/ncbi-igblast-1.17.1/igbl-db/database/imgt_aa_human_ig_v
New DB title:  /home/dralph/work/partis/packages/ncbi-igblast-1.17.1/igbl-db/fasta/imgt_aa_human_ig_v.fasta
Sequence type: Protein
Keep MBits: T
Maximum file size: 1000000000B


Building a new DB, current time: 10/28/2021 09:25:57
New DB name:   /home/dralph/work/partis/packages/ncbi-igblast-1.17.1/igbl-db/database/imgt_aa_human_tr_v
New DB title:  /home/dralph/work/partis/packages/ncbi-igblast-1.17.1/igbl-db/fasta/imgt_aa_human_tr_v.fasta
Sequence type: Protein
Keep MBits: T
Maximum file size: 1000000000B


Building a new DB, current time: 10/28/2021 09:25:57
New DB name:   /home/dralph/work/partis/packages/ncbi-igblast-1.17.1/igbl-db/database/imgt_aa_mouse_ig_v
New DB title:  /home/dralph/work/partis/packages/ncbi-igblast-1.17.1/igbl-db/fasta/imgt_aa_mouse_ig_v.fasta
Sequence type: Protein
Keep MBits: T
Maximum file size: 1000000000B


Building a new DB, current time: 10/28/2021 09:25:57
New DB name:   /home/dralph/work/partis/packages/ncbi-igblast-1.17.1/igbl-db/database/imgt_aa_mouse_tr_v
New DB title:  /home/dralph/work/partis/packages/ncbi-igblast-1.17.1/igbl-db/fasta/imgt_aa_mouse_tr_v.fasta
Sequence type: Protein
Keep MBits: T
Maximum file size: 1000000000B


Building a new DB, current time: 10/28/2021 09:25:57
New DB name:   /home/dralph/work/partis/packages/ncbi-igblast-1.17.1/igbl-db/database/imgt_aa_rhesus_monkey_ig_v
New DB title:  /home/dralph/work/partis/packages/ncbi-igblast-1.17.1/igbl-db/fasta/imgt_aa_rhesus_monkey_ig_v.fasta
Sequence type: Protein
Keep MBits: T
Maximum file size: 1000000000B


Building a new DB, current time: 10/28/2021 09:25:57
New DB name:   /home/dralph/work/partis/packages/ncbi-igblast-1.17.1/igbl-db/database/imgt_aa_rhesus_monkey_tr_v
New DB title:  /home/dralph/work/partis/packages/ncbi-igblast-1.17.1/igbl-db/fasta/imgt_aa_rhesus_monkey_tr_v.fasta
Sequence type: Protein
Keep MBits: T
Maximum file size: 1000000000B
/home/dralph/work/partis
